<?xml version="1.0" encoding="UTF-8"?>
<!-- Generated by org.testng.reporters.JUnitXMLReporter -->
<testsuite ignored="1" hostname="LAPTOP-D6IT8EFO" failures="0" tests="1" name="performanceTest" time="19.868" errors="0" timestamp="2023-04-13T07:35:30 IST">
  <testcase classname="TestNGPrograms.WindowSwitchingExample" name="AnotherMethod" time="4.242"/>
  <testcase classname="TestNGPrograms.WindowSwitchingExample" name="TestCase1" time="0.0">
    <ignored/>
  </testcase> <!-- TestCase1 -->
</testsuite> <!-- performanceTest -->
