<?xml version="1.0" encoding="UTF-8"?>
<testng-results ignored="0" total="1" passed="1" failed="0" skipped="0">
  <reporter-output>
  </reporter-output>
  <suite started-at="2023-04-13T07:44:04 IST" name="methodexample" finished-at="2023-04-13T07:44:15 IST" duration-ms="11260">
    <groups>
    </groups>
    <test started-at="2023-04-13T07:44:04 IST" name="RegressionTest" finished-at="2023-04-13T07:44:15 IST" duration-ms="11260">
      <class name="TestNGPrograms.radiobutton">
        <test-method is-config="true" signature="launchingAmazon()[pri:0, instance:TestNGPrograms.radiobutton@52b1beb6]" started-at="2023-04-13T07:44:04 IST" name="launchingAmazon" finished-at="2023-04-13T07:44:15 IST" duration-ms="10765" status="PASS">
          <reporter-output>
          </reporter-output>
        </test-method> <!-- launchingAmazon -->
        <test-method signature="verifyRadioButton()[pri:0, instance:TestNGPrograms.radiobutton@52b1beb6]" started-at="2023-04-13T07:44:15 IST" name="verifyRadioButton" finished-at="2023-04-13T07:44:15 IST" duration-ms="155" status="PASS">
          <reporter-output>
          </reporter-output>
        </test-method> <!-- verifyRadioButton -->
      </class> <!-- TestNGPrograms.radiobutton -->
    </test> <!-- RegressionTest -->
  </suite> <!-- methodexample -->
</testng-results>
